2024-08-09 02:40:30,970 [INFO] Activator:176 - 


2024-08-09 02:40:30,973 [INFO] Activator:177 - !SESSION log4j initialized
2024-08-09 02:40:35,080 [INFO] LogOutputStream:77 - [STDOUT_REDIRECT] 
2024-08-09 02:40:36,142 [INFO] ApplicationProperties:184 - Using Application install path: C:\ST\STM32CubeIDE_1.14.1\STM32CubeIDE\plugins\com.st.stm32cube.common.mx_6.10.0.202311202037
2024-08-09 02:40:36,196 [INFO] DbMcusXml:78 - Set database path to: C:\ST\STM32CubeIDE_1.14.1\STM32CubeIDE\plugins\com.st.stm32cube.common.mx_6.10.0.202311202037\\db\/mcu/
2024-08-09 02:40:36,197 [INFO] ApiDb:274 - Set plugin database path to: C:\ST\STM32CubeIDE_1.14.1\STM32CubeIDE\plugins\com.st.stm32cube.common.mx_6.10.0.202311202037\\db\/plugins/boardmanager/
2024-08-09 02:40:36,197 [WARN] ApiDb:259 - Overriding images path with different value:  => C:\ST\STM32CubeIDE_1.14.1\STM32CubeIDE\plugins\com.st.stm32cube.common.mx_6.10.0.202311202037\\db\/plugins/mcufinder/images/
2024-08-09 02:40:36,207 [INFO] ApiDb:250 - Set database path to: C:\Users\abrah\.stmcufinder\plugins\mcufinder//mcu/
2024-08-09 02:40:36,209 [INFO] DbMcusAds:125 - Set database path to: C:\Users\abrah\.stmcufinder\plugins\mcufinder//mcu/
2024-08-09 02:40:36,214 [INFO] CrossReferenceDbSqlite:203 - Set database path to: C:\Users\abrah\.stmcufinder\plugins\mcufinder//mcu/cs/
2024-08-09 02:40:36,623 [INFO] RulesReader:64 - Compatibility file has been processed (297 Rules)
2024-08-09 02:40:36,785 [INFO] DbMcusXml:78 - Set database path to: C:\ST\STM32CubeIDE_1.14.1\STM32CubeIDE\plugins\com.st.stm32cube.common.mx_6.10.0.202311202037\\db\/mcu/
2024-08-09 02:40:36,785 [INFO] ApiDb:274 - Set plugin database path to: C:\ST\STM32CubeIDE_1.14.1\STM32CubeIDE\plugins\com.st.stm32cube.common.mx_6.10.0.202311202037\\db\/plugins/boardmanager/
2024-08-09 02:40:36,785 [INFO] ApiDb:261 - Set plugin images path to: C:\ST\STM32CubeIDE_1.14.1\STM32CubeIDE\plugins\com.st.stm32cube.common.mx_6.10.0.202311202037\\db\/plugins/mcufinder/images/
2024-08-09 02:40:36,785 [WARN] DbFile:41 - Overriding database path with different value: C:\Users\abrah\.stmcufinder\plugins\mcufinder/ => C:\Users\abrah\.stmcufinder\plugins\mcufinder
2024-08-09 02:40:36,785 [INFO] ApiDb:250 - Set database path to: C:\Users\abrah\.stmcufinder\plugins\mcufinder//mcu/
2024-08-09 02:40:36,785 [WARN] DbFile:41 - Overriding database path with different value: C:\Users\abrah\.stmcufinder\plugins\mcufinder/ => C:\Users\abrah\.stmcufinder\plugins\mcufinder
2024-08-09 02:40:36,785 [INFO] DbMcusAds:125 - Set database path to: C:\Users\abrah\.stmcufinder\plugins\mcufinder//mcu/
2024-08-09 02:40:36,785 [WARN] DbFile:41 - Overriding database path with different value: C:\Users\abrah\.stmcufinder\plugins\mcufinder/ => C:\Users\abrah\.stmcufinder\plugins\mcufinder
2024-08-09 02:40:36,785 [WARN] DbFile:41 - Overriding database path with different value: C:\Users\abrah\.stmcufinder\plugins\mcufinder/ => C:\Users\abrah\.stmcufinder\plugins\mcufinder
2024-08-09 02:40:36,785 [INFO] CrossReferenceDbSqlite:203 - Set database path to: C:\Users\abrah\.stmcufinder\plugins\mcufinder//mcu/cs/
2024-08-09 02:40:36,948 [INFO] MainPanel:264 - HeapMemory: 268435456
2024-08-09 02:40:37,104 [INFO] DbMcusXml:78 - Set database path to: C:\ST\STM32CubeIDE_1.14.1\STM32CubeIDE\plugins\com.st.stm32cube.common.mx_6.10.0.202311202037\\db\/mcu/
2024-08-09 02:40:37,104 [INFO] ApiDb:274 - Set plugin database path to: C:\ST\STM32CubeIDE_1.14.1\STM32CubeIDE\plugins\com.st.stm32cube.common.mx_6.10.0.202311202037\\db\/plugins/boardmanager/
2024-08-09 02:40:37,104 [INFO] ApiDb:261 - Set plugin images path to: C:\ST\STM32CubeIDE_1.14.1\STM32CubeIDE\plugins\com.st.stm32cube.common.mx_6.10.0.202311202037\\db\/plugins/mcufinder/images/
2024-08-09 02:40:37,106 [WARN] DbFile:41 - Overriding database path with different value: C:\Users\abrah\.stmcufinder\plugins\mcufinder/ => C:\Users\abrah\.stmcufinder\plugins\mcufinder
2024-08-09 02:40:37,106 [INFO] ApiDb:250 - Set database path to: C:\Users\abrah\.stmcufinder\plugins\mcufinder//mcu/
2024-08-09 02:40:37,106 [WARN] DbFile:41 - Overriding database path with different value: C:\Users\abrah\.stmcufinder\plugins\mcufinder/ => C:\Users\abrah\.stmcufinder\plugins\mcufinder
2024-08-09 02:40:37,106 [INFO] DbMcusAds:125 - Set database path to: C:\Users\abrah\.stmcufinder\plugins\mcufinder//mcu/
2024-08-09 02:40:37,106 [WARN] DbFile:41 - Overriding database path with different value: C:\Users\abrah\.stmcufinder\plugins\mcufinder/ => C:\Users\abrah\.stmcufinder\plugins\mcufinder
2024-08-09 02:40:37,106 [WARN] DbFile:41 - Overriding database path with different value: C:\Users\abrah\.stmcufinder\plugins\mcufinder/ => C:\Users\abrah\.stmcufinder\plugins\mcufinder
2024-08-09 02:40:37,106 [INFO] CrossReferenceDbSqlite:203 - Set database path to: C:\Users\abrah\.stmcufinder\plugins\mcufinder//mcu/cs/
2024-08-09 02:40:37,129 [INFO] ApplicationProperties:184 - Using Application install path: C:\ST\STM32CubeIDE_1.14.1\STM32CubeIDE\plugins\com.st.stm32cube.common.mx_6.10.0.202311202037
2024-08-09 02:40:37,131 [INFO] PluginManage:196 - Search for loadable plugins [exclusion list=, ]
2024-08-09 02:40:37,134 [INFO] PluginManage:310 - Check plugin analytics
2024-08-09 02:40:37,610 [INFO] AnalyticsPlugin:253 - Accepted Software Licenses: 
2024-08-09 02:40:37,611 [INFO] AnalyticsPlugin:255 - Accepted CMSIS Pack Licenses: 
2024-08-09 02:40:37,611 [INFO] AnalyticsPlugin:257 - Accepted Firmware Licenses: FW.F4.1.28.0
2024-08-09 02:40:37,615 [INFO] PluginManage:359 - Loaded plugin analytics (category:tool,tabindex:-1)
2024-08-09 02:40:37,616 [INFO] PluginManage:310 - Check plugin cadmodel
2024-08-09 02:40:37,622 [INFO] CADModel:105 - Init CAD model plugin
2024-08-09 02:40:37,622 [INFO] PluginManage:359 - Loaded plugin cadmodel (category:power,tabindex:5)
2024-08-09 02:40:37,622 [INFO] PluginManage:310 - Check plugin clock
2024-08-09 02:40:37,640 [INFO] PluginManage:359 - Loaded plugin clock (category:base,tabindex:2)
2024-08-09 02:40:37,640 [INFO] PluginManage:310 - Check plugin ddr
2024-08-09 02:40:37,646 [INFO] PluginManage:359 - Loaded plugin ddr (category:tool,tabindex:6)
2024-08-09 02:40:37,646 [INFO] PluginManage:310 - Check plugin filemanager
2024-08-09 02:40:37,856 [INFO] PluginManage:359 - Loaded plugin filemanager (category:base,tabindex:10)
2024-08-09 02:40:37,856 [INFO] PluginManage:310 - Check plugin ipmanager
2024-08-09 02:40:37,861 [INFO] PluginManage:359 - Loaded plugin ipmanager (category:base,tabindex:5)
2024-08-09 02:40:37,861 [INFO] PluginManage:310 - Check plugin lpbam
2024-08-09 02:40:37,865 [INFO] PluginManage:359 - Loaded plugin lpbam (category:base,tabindex:0)
2024-08-09 02:40:37,865 [INFO] PluginManage:310 - Check plugin memorymap
2024-08-09 02:40:37,889 [INFO] PluginManage:359 - Loaded plugin memorymap (category:base,tabindex:4)
2024-08-09 02:40:37,889 [INFO] PluginManage:310 - Check plugin pinoutandconfiguration
2024-08-09 02:40:37,901 [INFO] PluginManage:359 - Loaded plugin pinoutandconfiguration (category:base,tabindex:1)
2024-08-09 02:40:37,901 [INFO] PluginManage:310 - Check plugin pinoutconfig
2024-08-09 02:40:38,022 [WARN] SupportedApi:132 - Cannot load RTOS API schema: s4s-elt-must-match.1: The content of 'definitions' must match (annotation?, (simpleType | complexType)?, (unique | key | keyref)*)). A problem was found starting at: attribute.
2024-08-09 02:40:38,153 [INFO] PluginManage:359 - Loaded plugin pinoutconfig (category:base,tabindex:0)
2024-08-09 02:40:38,153 [INFO] PluginManage:310 - Check plugin power
2024-08-09 02:40:38,157 [INFO] PluginManage:359 - Loaded plugin power (category:power,tabindex:4)
2024-08-09 02:40:38,157 [INFO] PluginManage:310 - Check plugin projectmanager
2024-08-09 02:40:38,167 [INFO] PluginManage:359 - Loaded plugin projectmanager (category:projectmanager,tabindex:3)
2024-08-09 02:40:38,167 [INFO] PluginManage:310 - Check plugin thirdparty
2024-08-09 02:40:38,256 [WARN] IntegrityCheckThread:84 - waiting for thirdparty lock release [integrity check]
2024-08-09 02:40:38,256 [INFO] IntegrityCheckThread:86 - entering critical section [integrity check]
2024-08-09 02:40:38,257 [INFO] ThirdPartyUpdaterWithRetryManager:70 - Updater plugin not ready yet. [1/15]
2024-08-09 02:40:38,257 [INFO] PluginManage:359 - Loaded plugin thirdparty (category:base,tabindex:-1)
2024-08-09 02:40:38,257 [INFO] PluginManage:310 - Check plugin tools
2024-08-09 02:40:38,261 [INFO] PluginManage:359 - Loaded plugin tools (category:base,tabindex:7)
2024-08-09 02:40:38,261 [INFO] PluginManage:310 - Check plugin tutovideos
2024-08-09 02:40:38,366 [INFO] PluginManage:359 - Loaded plugin tutovideos (category:base,tabindex:-1)
2024-08-09 02:40:38,366 [INFO] PluginManage:310 - Check plugin updater
2024-08-09 02:40:38,371 [INFO] PluginManage:359 - Loaded plugin updater (category:base,tabindex:12)
2024-08-09 02:40:38,371 [INFO] PluginManage:310 - Check plugin userauth
2024-08-09 02:40:38,374 [INFO] UserAuth:114 - Init User Auth plugin
2024-08-09 02:40:38,374 [INFO] PluginManage:359 - Loaded plugin userauth (category:base,tabindex:14)
2024-08-09 02:40:38,374 [INFO] PluginManage:283 - PluginManage : Loaded plugins [17]
2024-08-09 02:40:38,486 [INFO] PinOutPanel:1499 - setPackage(No Configuration,No Configuration)
2024-08-09 02:40:38,524 [INFO] CADModel:165 - CPN selected for project level
2024-08-09 02:40:38,524 [INFO] CADModel:114 - Register for checkConnection events
2024-08-09 02:40:38,532 [INFO] IPUIPlugin:80 - create IPUIPlugin
2024-08-09 02:40:38,532 [INFO] PluginManager:220 - loadIPPluginJar : add adc
2024-08-09 02:40:38,534 [INFO] IPUIPlugin:80 - create IPUIPlugin
2024-08-09 02:40:38,534 [INFO] PluginManager:220 - loadIPPluginJar : add aes
2024-08-09 02:40:38,536 [INFO] IPUIPlugin:80 - create IPUIPlugin
2024-08-09 02:40:38,536 [INFO] PluginManager:220 - loadIPPluginJar : add can
2024-08-09 02:40:38,536 [INFO] IPUIPlugin:80 - create IPUIPlugin
2024-08-09 02:40:38,536 [INFO] PluginManager:220 - loadIPPluginJar : add comp
2024-08-09 02:40:38,537 [INFO] IPUIPlugin:80 - create IPUIPlugin
2024-08-09 02:40:38,537 [INFO] PluginManager:220 - loadIPPluginJar : add cryp
2024-08-09 02:40:38,538 [INFO] IPUIPlugin:80 - create IPUIPlugin
2024-08-09 02:40:38,538 [INFO] PluginManager:220 - loadIPPluginJar : add dfsdm
2024-08-09 02:40:38,541 [INFO] IPUIPlugin:80 - create IPUIPlugin
2024-08-09 02:40:38,541 [INFO] PluginManager:220 - loadIPPluginJar : add dma
2024-08-09 02:40:38,542 [INFO] IPUIPlugin:80 - create IPUIPlugin
2024-08-09 02:40:38,543 [INFO] PluginManager:220 - loadIPPluginJar : add dma3
2024-08-09 02:40:38,543 [INFO] IPUIPlugin:80 - create IPUIPlugin
2024-08-09 02:40:38,543 [INFO] PluginManager:220 - loadIPPluginJar : add fatfs
2024-08-09 02:40:38,546 [INFO] IPUIPlugin:80 - create IPUIPlugin
2024-08-09 02:40:38,546 [INFO] PluginManager:220 - loadIPPluginJar : add fmc
2024-08-09 02:40:38,548 [INFO] IPUIPlugin:80 - create IPUIPlugin
2024-08-09 02:40:38,548 [INFO] PluginManager:220 - loadIPPluginJar : add freertos
2024-08-09 02:40:38,550 [INFO] IPUIPlugin:80 - create IPUIPlugin
2024-08-09 02:40:38,550 [INFO] PluginManager:220 - loadIPPluginJar : add genericplugin
2024-08-09 02:40:38,551 [INFO] IPUIPlugin:80 - create IPUIPlugin
2024-08-09 02:40:38,551 [INFO] PluginManager:220 - loadIPPluginJar : add gfxmmu
2024-08-09 02:40:38,554 [INFO] IPUIPlugin:80 - create IPUIPlugin
2024-08-09 02:40:38,554 [INFO] PluginManager:220 - loadIPPluginJar : add gic
2024-08-09 02:40:38,556 [INFO] IPUIPlugin:80 - create IPUIPlugin
2024-08-09 02:40:38,556 [INFO] PluginManager:220 - loadIPPluginJar : add gpio
2024-08-09 02:40:38,557 [INFO] IPUIPlugin:80 - create IPUIPlugin
2024-08-09 02:40:38,557 [INFO] PluginManager:220 - loadIPPluginJar : add gtzc
2024-08-09 02:40:38,559 [INFO] IPUIPlugin:80 - create IPUIPlugin
2024-08-09 02:40:38,559 [INFO] PluginManager:220 - loadIPPluginJar : add hash
2024-08-09 02:40:38,560 [INFO] IPUIPlugin:80 - create IPUIPlugin
2024-08-09 02:40:38,560 [INFO] PluginManager:220 - loadIPPluginJar : add i2c
2024-08-09 02:40:38,561 [INFO] IPUIPlugin:80 - create IPUIPlugin
2024-08-09 02:40:38,561 [INFO] PluginManager:220 - loadIPPluginJar : add i2s
2024-08-09 02:40:38,562 [INFO] IPUIPlugin:80 - create IPUIPlugin
2024-08-09 02:40:38,562 [INFO] PluginManager:220 - loadIPPluginJar : add i3c
2024-08-09 02:40:38,563 [INFO] IPUIPlugin:80 - create IPUIPlugin
2024-08-09 02:40:38,563 [INFO] PluginManager:220 - loadIPPluginJar : add ipddr
2024-08-09 02:40:38,567 [INFO] IPUIPlugin:80 - create IPUIPlugin
2024-08-09 02:40:38,567 [INFO] PluginManager:220 - loadIPPluginJar : add linkedlist
2024-08-09 02:40:38,568 [INFO] IPUIPlugin:80 - create IPUIPlugin
2024-08-09 02:40:38,569 [INFO] PluginManager:220 - loadIPPluginJar : add lorawan
2024-08-09 02:40:38,569 [INFO] IPUIPlugin:80 - create IPUIPlugin
2024-08-09 02:40:38,569 [INFO] PluginManager:220 - loadIPPluginJar : add ltdc
2024-08-09 02:40:38,572 [INFO] IPUIPlugin:80 - create IPUIPlugin
2024-08-09 02:40:38,572 [INFO] PluginManager:220 - loadIPPluginJar : add mdma
2024-08-09 02:40:38,575 [INFO] IPUIPlugin:80 - create IPUIPlugin
2024-08-09 02:40:38,575 [INFO] PluginManager:220 - loadIPPluginJar : add nvic
2024-08-09 02:40:38,576 [INFO] IPUIPlugin:80 - create IPUIPlugin
2024-08-09 02:40:38,576 [INFO] PluginManager:220 - loadIPPluginJar : add opamp
2024-08-09 02:40:38,577 [INFO] IPUIPlugin:80 - create IPUIPlugin
2024-08-09 02:40:38,577 [INFO] PluginManager:220 - loadIPPluginJar : add openamp
2024-08-09 02:40:38,579 [INFO] IPUIPlugin:80 - create IPUIPlugin
2024-08-09 02:40:38,579 [INFO] PluginManager:220 - loadIPPluginJar : add pdm2pcm
2024-08-09 02:40:38,582 [INFO] IPUIPlugin:80 - create IPUIPlugin
2024-08-09 02:40:38,584 [INFO] PluginManager:220 - loadIPPluginJar : add plateformsettings
2024-08-09 02:40:38,585 [INFO] IPUIPlugin:80 - create IPUIPlugin
2024-08-09 02:40:38,585 [INFO] PluginManager:220 - loadIPPluginJar : add quadspi
2024-08-09 02:40:38,588 [INFO] IPUIPlugin:80 - create IPUIPlugin
2024-08-09 02:40:38,589 [INFO] PluginManager:220 - loadIPPluginJar : add resmgrutility
2024-08-09 02:40:38,591 [INFO] IPUIPlugin:80 - create IPUIPlugin
2024-08-09 02:40:38,591 [INFO] PluginManager:220 - loadIPPluginJar : add sai
2024-08-09 02:40:38,594 [INFO] IPUIPlugin:80 - create IPUIPlugin
2024-08-09 02:40:38,594 [INFO] PluginManager:220 - loadIPPluginJar : add spi
2024-08-09 02:40:38,596 [INFO] IPUIPlugin:80 - create IPUIPlugin
2024-08-09 02:40:38,596 [INFO] PluginManager:220 - loadIPPluginJar : add stm32_wpan
2024-08-09 02:40:38,597 [INFO] IPUIPlugin:80 - create IPUIPlugin
2024-08-09 02:40:38,597 [INFO] PluginManager:220 - loadIPPluginJar : add tim
2024-08-09 02:40:38,599 [INFO] IPUIPlugin:80 - create IPUIPlugin
2024-08-09 02:40:38,599 [INFO] PluginManager:220 - loadIPPluginJar : add touchsensing
2024-08-09 02:40:38,601 [INFO] IPUIPlugin:80 - create IPUIPlugin
2024-08-09 02:40:38,601 [INFO] PluginManager:220 - loadIPPluginJar : add tracer_emb
2024-08-09 02:40:38,603 [INFO] IPUIPlugin:80 - create IPUIPlugin
2024-08-09 02:40:38,603 [INFO] PluginManager:220 - loadIPPluginJar : add ts
2024-08-09 02:40:38,604 [INFO] IPUIPlugin:80 - create IPUIPlugin
2024-08-09 02:40:38,604 [INFO] PluginManager:220 - loadIPPluginJar : add tsc
2024-08-09 02:40:38,605 [INFO] IPUIPlugin:80 - create IPUIPlugin
2024-08-09 02:40:38,605 [INFO] PluginManager:220 - loadIPPluginJar : add ucpd
2024-08-09 02:40:38,607 [INFO] IPUIPlugin:80 - create IPUIPlugin
2024-08-09 02:40:38,607 [INFO] PluginManager:220 - loadIPPluginJar : add usart
2024-08-09 02:40:38,610 [INFO] IPUIPlugin:80 - create IPUIPlugin
2024-08-09 02:40:38,610 [INFO] PluginManager:220 - loadIPPluginJar : add usbx
2024-08-09 02:40:38,724 [INFO] CADModel:165 - CPN selected for project level
2024-08-09 02:40:38,724 [INFO] CADModel:114 - Register for checkConnection events
2024-08-09 02:40:38,725 [FATAL] Updater:308 - Updater called before beeing initialized
2024-08-09 02:40:38,725 [ERROR] CADModel:125 - Updater not yet initialized, retry later 
2024-08-09 02:40:38,909 [INFO] CADModel:165 - CPN selected for project level
2024-08-09 02:40:38,909 [INFO] CADModel:114 - Register for checkConnection events
2024-08-09 02:40:38,909 [FATAL] Updater:308 - Updater called before beeing initialized
2024-08-09 02:40:38,909 [ERROR] CADModel:125 - Updater not yet initialized, retry later 
2024-08-09 02:40:38,911 [FATAL] Updater:308 - Updater called before beeing initialized
2024-08-09 02:40:38,991 [FATAL] Updater:308 - Updater called before beeing initialized
2024-08-09 02:40:39,000 [INFO] DbMcusAds:53 - JSON generation date=Thu May 16 03:22:00 CST 2024 (1715851320667)
2024-08-09 02:40:39,000 [FATAL] Updater:308 - Updater called before beeing initialized
2024-08-09 02:40:39,028 [WARN] DetailPanel:346 - Failed to get advertising image, set to default
2024-08-09 02:40:39,107 [FATAL] Updater:308 - Updater called before beeing initialized
2024-08-09 02:40:39,108 [FATAL] Updater:308 - Updater called before beeing initialized
2024-08-09 02:40:39,108 [FATAL] Updater:308 - Updater called before beeing initialized
2024-08-09 02:40:39,108 [WARN] DetailPanel:346 - Failed to get advertising image, set to default
2024-08-09 02:40:39,109 [FATAL] Updater:308 - Updater called before beeing initialized
2024-08-09 02:40:39,132 [ERROR] Updater:1120 - MainUpdater not yet initialized. External WinMGr cannot be set.
2024-08-09 02:40:39,133 [INFO] Updater:1056 - Updater Version found : 6.10.0
2024-08-09 02:40:39,143 [INFO] ApplicationProperties:184 - Using Application install path: C:\ST\STM32CubeIDE_1.14.1\STM32CubeIDE\plugins\com.st.stm32cube.common.mx_6.10.0.202311202037
2024-08-09 02:40:40,711 [ERROR] LogOutputStream:75 - [STDERR_REDIRECT] Aug 09, 2024 2:40:40 AM java.util.prefs.WindowsPreferences <init>
2024-08-09 02:40:40,712 [ERROR] LogOutputStream:75 - [STDERR_REDIRECT] WARNING: Could not open/create prefs root node Software\JavaSoft\Prefs at root 0xffffffff80000002. Windows RegCreateKeyEx(...) returned error code 5.
2024-08-09 02:40:40,712 [ERROR] LogOutputStream:75 - [STDERR_REDIRECT] 
2024-08-09 02:40:40,979 [INFO] MainUpdater:2873 - connection check result : 10
2024-08-09 02:40:40,979 [INFO] MainUpdater:290 - Updater Check For Update Now.
2024-08-09 02:40:40,979 [INFO] MicroXplorer:498 - Change Database Version : DB.6.0.100
2024-08-09 02:40:40,990 [INFO] McuFinderGlobals:63 - Set McuFinder mode to 2 (CubeIDE integrated)
2024-08-09 02:40:41,127 [INFO] CheckServerUpdateThread:120 - End of CheckServer Thread
2024-08-09 02:40:41,344 [WARN] PackLoader:240 - Cannot read IP mode file for STMicroelectronics.FP-SNS-MOTENVWB1.1.4.0
2024-08-09 02:40:41,352 [WARN] PackLoader:240 - Cannot read IP mode file for STMicroelectronics.X-CUBE-SMBUS.2.1.0
2024-08-09 02:40:41,356 [WARN] PackLoader:240 - Cannot read IP mode file for STMicroelectronics.X-CUBE-TOUCHGFX.4.23.1
2024-08-09 02:40:41,357 [WARN] PackLoader:240 - Cannot read IP mode file for STMicroelectronics.X-CUBE-TOUCHGFX.4.23.2
2024-08-09 02:40:41,377 [WARN] PackLoader:240 - Cannot read IP mode file for STMicroelectronics.X-CUBE-AZRTOS-F7.1.1.0
2024-08-09 02:40:41,383 [WARN] PackLoader:240 - Cannot read IP mode file for STMicroelectronics.FP-SNS-MOTENV1.4.3.2
2024-08-09 02:40:41,387 [WARN] PackLoader:240 - Cannot read IP mode file for STMicroelectronics.FP-SNS-FLIGHT1.5.0.2
2024-08-09 02:40:41,392 [WARN] PackLoader:240 - Cannot read IP mode file for STMicroelectronics.X-CUBE-DISPLAY.3.0.0
2024-08-09 02:40:41,402 [WARN] PackLoader:240 - Cannot read IP mode file for STMicroelectronics.X-CUBE-BLE1.7.0.0
2024-08-09 02:40:41,405 [WARN] PackLoader:240 - Cannot read IP mode file for emotas.I-CUBE-CANOPEN.1.3.0
2024-08-09 02:40:41,411 [WARN] PackLoader:240 - Cannot read IP mode file for STMicroelectronics.X-CUBE-BLEMGR.3.1.0
2024-08-09 02:40:41,415 [WARN] PackLoader:240 - Cannot read IP mode file for STMicroelectronics.FP-SNS-SMARTAG2.1.2.0
2024-08-09 02:40:41,424 [INFO] LogOutputStream:77 - [STDOUT_REDIRECT] 1 : Invalid condition id : UX_CORESTACK_Condition cause : null
2024-08-09 02:40:41,425 [INFO] LogOutputStream:77 - [STDOUT_REDIRECT] 1 : Invalid condition id : UX_CORESTACK_Condition cause : null
2024-08-09 02:40:41,426 [INFO] LogOutputStream:77 - [STDOUT_REDIRECT] 1 : Invalid condition id : UX_CORESTACK_Condition cause : null
2024-08-09 02:40:41,426 [INFO] UserAuth:404 - Internet connection configuration mode: 1
2024-08-09 02:40:41,433 [INFO] LogOutputStream:77 - [STDOUT_REDIRECT] 1 : Invalid condition id : UX_CORESTACK_Condition cause : null
2024-08-09 02:40:41,433 [INFO] LogOutputStream:77 - [STDOUT_REDIRECT] 1 : Invalid condition id : UX_CORESTACK_Condition cause : null
2024-08-09 02:40:41,435 [WARN] PackLoader:240 - Cannot read IP mode file for STMicroelectronics.X-CUBE-AZRTOS-WL.2.0.0
2024-08-09 02:40:41,437 [WARN] PackLoader:240 - Cannot read IP mode file for STMicroelectronics.FP-SNS-MOTENV1.5.0.0
2024-08-09 02:40:41,440 [WARN] PackLoader:240 - Cannot read IP mode file for wolfSSL.I-CUBE-wolfMQTT.1.19.0
2024-08-09 02:40:41,446 [WARN] PackLoader:240 - Cannot read IP mode file for WES.I-CUBE-Cesium.1.3.0
2024-08-09 02:40:41,449 [WARN] PackLoader:240 - Cannot read IP mode file for STMicroelectronics.X-CUBE-BLE2.3.3.0
2024-08-09 02:40:41,455 [WARN] PackLoader:240 - Cannot read IP mode file for STMicroelectronics.X-CUBE-TCPP.4.1.0
2024-08-09 02:40:41,458 [WARN] PackLoader:240 - Cannot read IP mode file for STMicroelectronics.X-CUBE-ALGOBUILD.1.3.0
2024-08-09 02:40:41,464 [INFO] JxBrowserEngine:152 - Initiate JxBrowser Engine with user profile folder
2024-08-09 02:40:41,465 [WARN] PackLoader:240 - Cannot read IP mode file for STMicroelectronics.X-CUBE-AZRTOS-G0.1.1.0
2024-08-09 02:40:41,469 [WARN] PackLoader:240 - Cannot read IP mode file for STMicroelectronics.X-CUBE-SAFEA1.1.2.2
2024-08-09 02:40:41,471 [WARN] PackLoader:240 - Cannot read IP mode file for STMicroelectronics.X-CUBE-NFC4.3.0.0
2024-08-09 02:40:41,476 [WARN] PackLoader:240 - Cannot read IP mode file for EmbeddedOffice.I-CUBE-FS-RTOS.1.0.1
2024-08-09 02:40:41,477 [ERROR] ConditionMgr:805 - Attr not supported : Dmpu
2024-08-09 02:40:41,477 [ERROR] ConditionMgr:805 - Attr not supported : Dmpu
2024-08-09 02:40:41,477 [ERROR] ConditionMgr:805 - Attr not supported : Dmpu
2024-08-09 02:40:41,477 [ERROR] ConditionMgr:805 - Attr not supported : Dmpu
2024-08-09 02:40:41,477 [ERROR] ConditionMgr:805 - Attr not supported : Dmpu
2024-08-09 02:40:41,477 [ERROR] ConditionMgr:805 - Attr not supported : Dmpu
2024-08-09 02:40:41,477 [ERROR] ConditionMgr:805 - Attr not supported : Dmpu
2024-08-09 02:40:41,477 [ERROR] ConditionMgr:805 - Attr not supported : Dmpu
2024-08-09 02:40:41,477 [ERROR] ConditionMgr:805 - Attr not supported : Dmpu
2024-08-09 02:40:41,477 [ERROR] ConditionMgr:805 - Attr not supported : Dmpu
2024-08-09 02:40:41,477 [ERROR] ConditionMgr:805 - Attr not supported : Dmpu
2024-08-09 02:40:41,477 [ERROR] ConditionMgr:805 - Attr not supported : Dmpu
2024-08-09 02:40:41,477 [ERROR] ConditionMgr:805 - Attr not supported : Dmpu
2024-08-09 02:40:41,477 [ERROR] ConditionMgr:805 - Attr not supported : Dmpu
2024-08-09 02:40:41,477 [ERROR] ConditionMgr:805 - Attr not supported : Dmpu
2024-08-09 02:40:41,477 [ERROR] ConditionMgr:805 - Attr not supported : Dmpu
2024-08-09 02:40:41,477 [ERROR] ConditionMgr:805 - Attr not supported : Dmpu
2024-08-09 02:40:41,477 [ERROR] ConditionMgr:805 - Attr not supported : Dmpu
2024-08-09 02:40:41,477 [ERROR] ConditionMgr:805 - Attr not supported : Dmpu
2024-08-09 02:40:41,477 [ERROR] ConditionMgr:805 - Attr not supported : Dmpu
2024-08-09 02:40:41,477 [ERROR] ConditionMgr:805 - Attr not supported : Dmpu
2024-08-09 02:40:41,477 [ERROR] ConditionMgr:805 - Attr not supported : Dmpu
2024-08-09 02:40:41,477 [ERROR] ConditionMgr:805 - Attr not supported : Dmpu
2024-08-09 02:40:41,477 [ERROR] ConditionMgr:805 - Attr not supported : Dmpu
2024-08-09 02:40:41,477 [ERROR] ConditionMgr:805 - Attr not supported : Dmpu
2024-08-09 02:40:41,477 [ERROR] ConditionMgr:805 - Attr not supported : Dmpu
2024-08-09 02:40:41,477 [ERROR] ConditionMgr:805 - Attr not supported : Dmpu
2024-08-09 02:40:41,477 [ERROR] ConditionMgr:805 - Attr not supported : Dmpu
2024-08-09 02:40:41,477 [ERROR] ConditionMgr:805 - Attr not supported : Dmpu
2024-08-09 02:40:41,477 [ERROR] ConditionMgr:805 - Attr not supported : Dmpu
2024-08-09 02:40:41,477 [ERROR] ConditionMgr:805 - Attr not supported : Dmpu
2024-08-09 02:40:41,477 [ERROR] ConditionMgr:805 - Attr not supported : Dmpu
2024-08-09 02:40:41,477 [ERROR] ConditionMgr:805 - Attr not supported : Dmpu
2024-08-09 02:40:41,477 [ERROR] ConditionMgr:805 - Attr not supported : Dmpu
2024-08-09 02:40:41,477 [ERROR] ConditionMgr:805 - Attr not supported : Dmpu
2024-08-09 02:40:41,477 [ERROR] ConditionMgr:805 - Attr not supported : Dmpu
2024-08-09 02:40:41,477 [ERROR] ConditionMgr:805 - Attr not supported : Dmpu
2024-08-09 02:40:41,477 [ERROR] ConditionMgr:805 - Attr not supported : Dmpu
2024-08-09 02:40:41,477 [ERROR] ConditionMgr:805 - Attr not supported : Dmpu
2024-08-09 02:40:41,477 [ERROR] ConditionMgr:805 - Attr not supported : Dmpu
2024-08-09 02:40:41,478 [ERROR] ConditionMgr:805 - Attr not supported : Dmpu
2024-08-09 02:40:41,478 [ERROR] ConditionMgr:805 - Attr not supported : Dmpu
2024-08-09 02:40:41,478 [ERROR] ConditionMgr:805 - Attr not supported : Dmpu
2024-08-09 02:40:41,478 [ERROR] ConditionMgr:805 - Attr not supported : Dmpu
2024-08-09 02:40:41,478 [ERROR] ConditionMgr:805 - Attr not supported : Dmpu
2024-08-09 02:40:41,478 [ERROR] ConditionMgr:805 - Attr not supported : Dmpu
2024-08-09 02:40:41,478 [ERROR] ConditionMgr:805 - Attr not supported : Dmpu
2024-08-09 02:40:41,478 [ERROR] ConditionMgr:805 - Attr not supported : Dmpu
2024-08-09 02:40:41,478 [ERROR] ConditionMgr:805 - Attr not supported : Dmpu
2024-08-09 02:40:41,478 [ERROR] ConditionMgr:805 - Attr not supported : Dmpu
2024-08-09 02:40:41,478 [ERROR] ConditionMgr:805 - Attr not supported : Dmpu
2024-08-09 02:40:41,478 [ERROR] ConditionMgr:805 - Attr not supported : Dmpu
2024-08-09 02:40:41,478 [ERROR] ConditionMgr:805 - Attr not supported : Dmpu
2024-08-09 02:40:41,478 [ERROR] ConditionMgr:805 - Attr not supported : Dmpu
2024-08-09 02:40:41,478 [ERROR] ConditionMgr:805 - Attr not supported : Dmpu
2024-08-09 02:40:41,478 [ERROR] ConditionMgr:805 - Attr not supported : Dmpu
2024-08-09 02:40:41,478 [ERROR] ConditionMgr:805 - Attr not supported : Dmpu
2024-08-09 02:40:41,478 [ERROR] ConditionMgr:805 - Attr not supported : Dmpu
2024-08-09 02:40:41,478 [ERROR] ConditionMgr:805 - Attr not supported : Dmpu
2024-08-09 02:40:41,478 [ERROR] ConditionMgr:805 - Attr not supported : Dmpu
2024-08-09 02:40:41,478 [ERROR] ConditionMgr:805 - Attr not supported : Dmpu
2024-08-09 02:40:41,478 [ERROR] ConditionMgr:805 - Attr not supported : Dmpu
2024-08-09 02:40:41,478 [ERROR] ConditionMgr:805 - Attr not supported : Dmpu
2024-08-09 02:40:41,478 [ERROR] ConditionMgr:805 - Attr not supported : Dmpu
2024-08-09 02:40:41,480 [WARN] PackLoader:240 - Cannot read IP mode file for RealThread.X-CUBE-RT-Thread_Nano.4.1.1
2024-08-09 02:40:41,482 [WARN] PackLoader:240 - Cannot read IP mode file for STMicroelectronics.FP-ATR-SIGFOX1.3.2.0
2024-08-09 02:40:41,485 [WARN] PackLoader:240 - Cannot read IP mode file for STMicroelectronics.X-CUBE-EEPRMA1.5.1.0
2024-08-09 02:40:41,501 [WARN] PackLoader:240 - Cannot read IP mode file for SEGGER.I-CUBE-embOS.1.3.1
2024-08-09 02:40:41,520 [WARN] PackLoader:240 - Cannot read IP mode file for STMicroelectronics.X-CUBE-ALGOBUILD.1.4.0
2024-08-09 02:40:41,523 [WARN] PackLoader:240 - Cannot read IP mode file for STMicroelectronics.X-CUBE-GNSS1.6.0.0
2024-08-09 02:40:41,530 [WARN] PackLoader:240 - Cannot read IP mode file for STMicroelectronics.X-CUBE-AZRTOS-F4.1.1.0
2024-08-09 02:40:41,534 [WARN] PackLoader:240 - Cannot read IP mode file for STMicroelectronics.X-CUBE-FREERTOS.1.2.0
2024-08-09 02:40:41,536 [WARN] PackLoader:240 - Cannot read IP mode file for wolfSSL.I-CUBE-wolfSSL.5.6.6
2024-08-09 02:40:41,551 [WARN] PackLoader:240 - Cannot read IP mode file for STMicroelectronics.X-CUBE-AZRTOS-L5.2.0.0
2024-08-09 02:40:41,557 [WARN] PackLoader:240 - Cannot read IP mode file for STMicroelectronics.X-CUBE-NFC6.3.1.0
2024-08-09 02:40:41,576 [WARN] PackLoader:240 - Cannot read IP mode file for ITTIA_DB.I-CUBE-ITTIADB.8.8.0
2024-08-09 02:40:41,580 [WARN] PackLoader:240 - Cannot read IP mode file for STMicroelectronics.X-CUBE-DPower.1.2.0
2024-08-09 02:40:41,582 [WARN] PackLoader:240 - Cannot read IP mode file for STMicroelectronics.X-CUBE-AI.9.0.0
2024-08-09 02:40:41,585 [WARN] PackLoader:240 - Cannot read IP mode file for STMicroelectronics.X-CUBE-NFC7.1.0.1
2024-08-09 02:40:41,589 [WARN] PackLoader:240 - Cannot read IP mode file for wolfSSL.I-CUBE-wolfTPM.3.2.0
2024-08-09 02:40:41,590 [WARN] PackLoader:240 - Cannot read IP mode file for STMicroelectronics.X-CUBE-AI.8.1.0
2024-08-09 02:40:41,598 [WARN] ConditionMgr:438 - getConditionDescription Invalid condition id : LAN8742 Phy interface Condition cause : null
2024-08-09 02:40:41,598 [WARN] PackLoader:240 - Cannot read IP mode file for STMicroelectronics.X-CUBE-AZRTOS-L4.2.0.0
2024-08-09 02:40:41,599 [WARN] ConditionMgr:1039 - genDependencies : Invalid condition id : LAN8742 Phy interface Condition cause : null
2024-08-09 02:40:41,599 [WARN] ConditionMgr:1039 - genDependencies : Invalid condition id : LAN8742 Phy interface Condition cause : null
2024-08-09 02:40:41,599 [WARN] ConditionMgr:1039 - genDependencies : Invalid condition id : LAN8742 Phy interface Condition cause : null
2024-08-09 02:40:41,603 [WARN] PackLoader:240 - Cannot read IP mode file for STMicroelectronics.X-CUBE-SFXS2LP1.4.0.0
2024-08-09 02:40:41,608 [WARN] ConditionMgr:438 - getConditionDescription Invalid condition id : UX DEVICE CLASS RTOS Condition cause : null
2024-08-09 02:40:41,608 [WARN] ConditionMgr:438 - getConditionDescription Invalid condition id : UX DEVICE CLASS RTOS Condition cause : null
2024-08-09 02:40:41,609 [WARN] PackLoader:240 - Cannot read IP mode file for STMicroelectronics.X-CUBE-AZRTOS-WB.2.0.0
2024-08-09 02:40:41,609 [WARN] ConditionMgr:1039 - genDependencies : Invalid condition id : UX DEVICE CLASS RTOS Condition cause : null
2024-08-09 02:40:41,609 [WARN] ConditionMgr:1039 - genDependencies : Invalid condition id : UX DEVICE CLASS RTOS Condition cause : null
2024-08-09 02:40:41,610 [WARN] ConditionMgr:1039 - genDependencies : Invalid condition id : UX DEVICE CLASS RTOS Condition cause : null
2024-08-09 02:40:41,610 [WARN] ConditionMgr:1039 - genDependencies : Invalid condition id : UX DEVICE CLASS RTOS Condition cause : null
2024-08-09 02:40:41,610 [WARN] ConditionMgr:1039 - genDependencies : Invalid condition id : UX DEVICE CLASS RTOS Condition cause : null
2024-08-09 02:40:41,613 [WARN] PackLoader:240 - Cannot read IP mode file for STMicroelectronics.FP-SNS-STBOX1.2.0.0
2024-08-09 02:40:41,618 [WARN] PackLoader:240 - Cannot read IP mode file for STMicroelectronics.X-CUBE-SUBG2.5.0.0
2024-08-09 02:40:41,626 [WARN] PackLoader:240 - Cannot read IP mode file for STMicroelectronics.X-CUBE-AZRTOS-G4.2.0.0
2024-08-09 02:40:41,631 [WARN] PackLoader:240 - Cannot read IP mode file for Infineon.AIROC-Wi-Fi-Bluetooth-STM32.1.5.1
2024-08-09 02:40:41,635 [WARN] PackLoader:240 - Cannot read IP mode file for STMicroelectronics.FP-SNS-MOTENVWB1.1.3.1
2024-08-09 02:40:41,637 [WARN] PackLoader:240 - Cannot read IP mode file for STMicroelectronics.X-CUBE-ISPU.2.0.0
2024-08-09 02:40:41,639 [WARN] PackLoader:240 - Cannot read IP mode file for STMicroelectronics.X-CUBE-ALS.1.0.2
2024-08-09 02:40:41,653 [WARN] PackLoader:240 - Cannot read IP mode file for STMicroelectronics.X-CUBE-MEMS1.10.0.0
2024-08-09 02:40:41,710 [WARN] PackLoader:240 - Cannot read IP mode file for STMicroelectronics.X-CUBE-FREERTOS.1.1.0
2024-08-09 02:40:41,712 [WARN] PackLoader:240 - Cannot read IP mode file for STMicroelectronics.X-CUBE-TOUCHGFX.4.24.0
2024-08-09 02:40:41,714 [WARN] PackLoader:240 - Cannot read IP mode file for portGmbH.I-Cube-SoM-uGOAL.1.1.0
2024-08-09 02:40:41,716 [WARN] PackLoader:240 - Cannot read IP mode file for STMicroelectronics.X-CUBE-ALS.1.0.1
2024-08-09 02:40:41,723 [WARN] PackLoader:240 - Cannot read IP mode file for STMicroelectronics.X-CUBE-AZRTOS-H7RS.1.0.0
2024-08-09 02:40:41,725 [WARN] PackLoader:240 - Cannot read IP mode file for STMicroelectronics.FP-ATR-ASTRA1.2.0.0
2024-08-09 02:40:41,730 [WARN] PackLoader:240 - Cannot read IP mode file for STMicroelectronics.X-CUBE-TOF1.3.4.2
2024-08-09 02:40:41,738 [WARN] PackLoader:240 - Cannot read IP mode file for STMicroelectronics.X-CUBE-TOF1.3.4.1
2024-08-09 02:40:41,756 [WARN] PackLoader:240 - Cannot read IP mode file for STMicroelectronics.X-CUBE-AZRTOS-H7.3.2.0
2024-08-09 02:40:41,760 [WARN] PackLoader:240 - Cannot read IP mode file for wolfSSL.I-CUBE-wolfSSH.1.4.17
2024-08-09 02:40:41,762 [INFO] ThirdParty:978 - Integrity check success = true
2024-08-09 02:40:41,762 [INFO] IntegrityCheckThread:100 - exiting critical section [integrity check]
2024-08-09 02:40:41,762 [INFO] IntegrityCheckThread:103 - End integrity checks thread
2024-08-09 02:40:42,578 [INFO] WebApp:161 - Instantiating new browser for Auth
2024-08-09 02:40:42,859 [INFO] WebApp:780 - Register for checkConnection events
2024-08-09 02:40:42,859 [INFO] WebApp:414 - Apply proxy settings
2024-08-09 02:40:42,859 [INFO] WebApp:499 - Chromium requires no authentication
2024-08-09 02:40:42,862 [INFO] WebApp:442 - Direct internet connection detected
2024-08-09 02:40:42,930 [INFO] WebApp:192 - Starting web application
2024-08-09 02:40:42,930 [INFO] WebApp:544 - Web application path used C:\ST\STM32CubeIDE_1.14.1\STM32CubeIDE\plugins\com.st.stm32cube.common.mx_6.10.0.202311202037\db\plugins\mcufinder\reactClient1\index.html
2024-08-09 02:41:03,377 [ERROR] LogOutputStream:75 - [STDERR_REDIRECT] SLF4J: Failed to load class "org.slf4j.impl.StaticLoggerBinder".
2024-08-09 02:41:03,377 [ERROR] LogOutputStream:75 - [STDERR_REDIRECT] SLF4J: Defaulting to no-operation (NOP) logger implementation
2024-08-09 02:41:03,378 [ERROR] LogOutputStream:75 - [STDERR_REDIRECT] SLF4J: See http://www.slf4j.org/codes.html#StaticLoggerBinder for further details.
2024-08-09 03:51:38,213 [ERROR] LogOutputStream:75 - [STDERR_REDIRECT] 
2024-08-09 03:51:38,213 [ERROR] LogOutputStream:75 - [STDERR_REDIRECT] 
2024-08-09 21:45:58,729 [INFO] Activator:176 - 


2024-08-09 21:45:58,733 [INFO] Activator:177 - !SESSION log4j initialized
2024-08-09 21:46:04,071 [INFO] LogOutputStream:77 - [STDOUT_REDIRECT] 
2024-08-09 21:46:10,127 [INFO] ApplicationProperties:184 - Using Application install path: C:\ST\STM32CubeIDE_1.14.1\STM32CubeIDE\plugins\com.st.stm32cube.common.mx_6.10.0.202311202037
2024-08-09 21:46:10,148 [INFO] DbMcusXml:78 - Set database path to: C:\ST\STM32CubeIDE_1.14.1\STM32CubeIDE\plugins\com.st.stm32cube.common.mx_6.10.0.202311202037\\db\/mcu/
2024-08-09 21:46:10,148 [INFO] ApiDb:274 - Set plugin database path to: C:\ST\STM32CubeIDE_1.14.1\STM32CubeIDE\plugins\com.st.stm32cube.common.mx_6.10.0.202311202037\\db\/plugins/boardmanager/
2024-08-09 21:46:10,148 [WARN] ApiDb:259 - Overriding images path with different value:  => C:\ST\STM32CubeIDE_1.14.1\STM32CubeIDE\plugins\com.st.stm32cube.common.mx_6.10.0.202311202037\\db\/plugins/mcufinder/images/
2024-08-09 21:46:10,162 [INFO] ApiDb:250 - Set database path to: C:\Users\abrah\.stmcufinder\plugins\mcufinder//mcu/
2024-08-09 21:46:10,163 [INFO] DbMcusAds:125 - Set database path to: C:\Users\abrah\.stmcufinder\plugins\mcufinder//mcu/
2024-08-09 21:46:10,165 [INFO] CrossReferenceDbSqlite:203 - Set database path to: C:\Users\abrah\.stmcufinder\plugins\mcufinder//mcu/cs/
2024-08-09 21:46:10,279 [INFO] RulesReader:64 - Compatibility file has been processed (297 Rules)
2024-08-09 21:46:10,395 [INFO] DbMcusXml:78 - Set database path to: C:\ST\STM32CubeIDE_1.14.1\STM32CubeIDE\plugins\com.st.stm32cube.common.mx_6.10.0.202311202037\\db\/mcu/
2024-08-09 21:46:10,395 [INFO] ApiDb:274 - Set plugin database path to: C:\ST\STM32CubeIDE_1.14.1\STM32CubeIDE\plugins\com.st.stm32cube.common.mx_6.10.0.202311202037\\db\/plugins/boardmanager/
2024-08-09 21:46:10,395 [INFO] ApiDb:261 - Set plugin images path to: C:\ST\STM32CubeIDE_1.14.1\STM32CubeIDE\plugins\com.st.stm32cube.common.mx_6.10.0.202311202037\\db\/plugins/mcufinder/images/
2024-08-09 21:46:10,395 [WARN] DbFile:41 - Overriding database path with different value: C:\Users\abrah\.stmcufinder\plugins\mcufinder/ => C:\Users\abrah\.stmcufinder\plugins\mcufinder
2024-08-09 21:46:10,395 [INFO] ApiDb:250 - Set database path to: C:\Users\abrah\.stmcufinder\plugins\mcufinder//mcu/
2024-08-09 21:46:10,395 [WARN] DbFile:41 - Overriding database path with different value: C:\Users\abrah\.stmcufinder\plugins\mcufinder/ => C:\Users\abrah\.stmcufinder\plugins\mcufinder
2024-08-09 21:46:10,395 [INFO] DbMcusAds:125 - Set database path to: C:\Users\abrah\.stmcufinder\plugins\mcufinder//mcu/
2024-08-09 21:46:10,396 [WARN] DbFile:41 - Overriding database path with different value: C:\Users\abrah\.stmcufinder\plugins\mcufinder/ => C:\Users\abrah\.stmcufinder\plugins\mcufinder
2024-08-09 21:46:10,396 [WARN] DbFile:41 - Overriding database path with different value: C:\Users\abrah\.stmcufinder\plugins\mcufinder/ => C:\Users\abrah\.stmcufinder\plugins\mcufinder
2024-08-09 21:46:10,396 [INFO] CrossReferenceDbSqlite:203 - Set database path to: C:\Users\abrah\.stmcufinder\plugins\mcufinder//mcu/cs/
2024-08-09 21:46:10,477 [INFO] MainPanel:264 - HeapMemory: 385875968
2024-08-09 21:46:10,596 [INFO] DbMcusXml:78 - Set database path to: C:\ST\STM32CubeIDE_1.14.1\STM32CubeIDE\plugins\com.st.stm32cube.common.mx_6.10.0.202311202037\\db\/mcu/
2024-08-09 21:46:10,596 [INFO] ApiDb:274 - Set plugin database path to: C:\ST\STM32CubeIDE_1.14.1\STM32CubeIDE\plugins\com.st.stm32cube.common.mx_6.10.0.202311202037\\db\/plugins/boardmanager/
2024-08-09 21:46:10,596 [INFO] ApiDb:261 - Set plugin images path to: C:\ST\STM32CubeIDE_1.14.1\STM32CubeIDE\plugins\com.st.stm32cube.common.mx_6.10.0.202311202037\\db\/plugins/mcufinder/images/
2024-08-09 21:46:10,596 [WARN] DbFile:41 - Overriding database path with different value: C:\Users\abrah\.stmcufinder\plugins\mcufinder/ => C:\Users\abrah\.stmcufinder\plugins\mcufinder
2024-08-09 21:46:10,596 [INFO] ApiDb:250 - Set database path to: C:\Users\abrah\.stmcufinder\plugins\mcufinder//mcu/
2024-08-09 21:46:10,596 [WARN] DbFile:41 - Overriding database path with different value: C:\Users\abrah\.stmcufinder\plugins\mcufinder/ => C:\Users\abrah\.stmcufinder\plugins\mcufinder
2024-08-09 21:46:10,596 [INFO] DbMcusAds:125 - Set database path to: C:\Users\abrah\.stmcufinder\plugins\mcufinder//mcu/
2024-08-09 21:46:10,596 [WARN] DbFile:41 - Overriding database path with different value: C:\Users\abrah\.stmcufinder\plugins\mcufinder/ => C:\Users\abrah\.stmcufinder\plugins\mcufinder
2024-08-09 21:46:10,596 [WARN] DbFile:41 - Overriding database path with different value: C:\Users\abrah\.stmcufinder\plugins\mcufinder/ => C:\Users\abrah\.stmcufinder\plugins\mcufinder
2024-08-09 21:46:10,596 [INFO] CrossReferenceDbSqlite:203 - Set database path to: C:\Users\abrah\.stmcufinder\plugins\mcufinder//mcu/cs/
2024-08-09 21:46:10,614 [INFO] ApplicationProperties:184 - Using Application install path: C:\ST\STM32CubeIDE_1.14.1\STM32CubeIDE\plugins\com.st.stm32cube.common.mx_6.10.0.202311202037
2024-08-09 21:46:10,615 [INFO] PluginManage:196 - Search for loadable plugins [exclusion list=, ]
2024-08-09 21:46:10,617 [INFO] PluginManage:310 - Check plugin analytics
2024-08-09 21:46:15,821 [INFO] AnalyticsPlugin:253 - Accepted Software Licenses: 
2024-08-09 21:46:15,821 [INFO] AnalyticsPlugin:255 - Accepted CMSIS Pack Licenses: 
2024-08-09 21:46:15,821 [INFO] AnalyticsPlugin:257 - Accepted Firmware Licenses: FW.F4.1.28.0
2024-08-09 21:46:15,825 [INFO] PluginManage:359 - Loaded plugin analytics (category:tool,tabindex:-1)
2024-08-09 21:46:15,825 [INFO] PluginManage:310 - Check plugin cadmodel
2024-08-09 21:46:15,841 [INFO] CADModel:105 - Init CAD model plugin
2024-08-09 21:46:15,841 [INFO] PluginManage:359 - Loaded plugin cadmodel (category:power,tabindex:5)
2024-08-09 21:46:15,841 [INFO] PluginManage:310 - Check plugin clock
2024-08-09 21:46:15,862 [INFO] PluginManage:359 - Loaded plugin clock (category:base,tabindex:2)
2024-08-09 21:46:15,862 [INFO] PluginManage:310 - Check plugin ddr
2024-08-09 21:46:15,864 [INFO] PluginManage:359 - Loaded plugin ddr (category:tool,tabindex:6)
2024-08-09 21:46:15,864 [INFO] PluginManage:310 - Check plugin filemanager
2024-08-09 21:46:15,982 [INFO] PluginManage:359 - Loaded plugin filemanager (category:base,tabindex:10)
2024-08-09 21:46:15,982 [INFO] PluginManage:310 - Check plugin ipmanager
2024-08-09 21:46:15,988 [INFO] PluginManage:359 - Loaded plugin ipmanager (category:base,tabindex:5)
2024-08-09 21:46:15,988 [INFO] PluginManage:310 - Check plugin lpbam
2024-08-09 21:46:16,006 [INFO] PluginManage:359 - Loaded plugin lpbam (category:base,tabindex:0)
2024-08-09 21:46:16,007 [INFO] PluginManage:310 - Check plugin memorymap
2024-08-09 21:46:16,030 [INFO] PluginManage:359 - Loaded plugin memorymap (category:base,tabindex:4)
2024-08-09 21:46:16,031 [INFO] PluginManage:310 - Check plugin pinoutandconfiguration
2024-08-09 21:46:16,046 [INFO] PluginManage:359 - Loaded plugin pinoutandconfiguration (category:base,tabindex:1)
2024-08-09 21:46:16,046 [INFO] PluginManage:310 - Check plugin pinoutconfig
2024-08-09 21:46:16,129 [WARN] SupportedApi:132 - Cannot load RTOS API schema: s4s-elt-must-match.1: The content of 'definitions' must match (annotation?, (simpleType | complexType)?, (unique | key | keyref)*)). A problem was found starting at: attribute.
2024-08-09 21:46:16,239 [INFO] PluginManage:359 - Loaded plugin pinoutconfig (category:base,tabindex:0)
2024-08-09 21:46:16,239 [INFO] PluginManage:310 - Check plugin power
2024-08-09 21:46:16,253 [INFO] PluginManage:359 - Loaded plugin power (category:power,tabindex:4)
2024-08-09 21:46:16,253 [INFO] PluginManage:310 - Check plugin projectmanager
2024-08-09 21:46:16,265 [INFO] PluginManage:359 - Loaded plugin projectmanager (category:projectmanager,tabindex:3)
2024-08-09 21:46:16,266 [INFO] PluginManage:310 - Check plugin thirdparty
2024-08-09 21:46:16,475 [INFO] PluginManage:359 - Loaded plugin thirdparty (category:base,tabindex:-1)
2024-08-09 21:46:16,475 [INFO] PluginManage:310 - Check plugin tools
2024-08-09 21:46:16,475 [WARN] IntegrityCheckThread:84 - waiting for thirdparty lock release [integrity check]
2024-08-09 21:46:16,477 [INFO] IntegrityCheckThread:86 - entering critical section [integrity check]
2024-08-09 21:46:16,477 [INFO] ThirdPartyUpdaterWithRetryManager:70 - Updater plugin not ready yet. [1/15]
2024-08-09 21:46:16,525 [INFO] PluginManage:359 - Loaded plugin tools (category:base,tabindex:7)
2024-08-09 21:46:16,525 [INFO] PluginManage:310 - Check plugin tutovideos
2024-08-09 21:46:16,712 [INFO] PluginManage:359 - Loaded plugin tutovideos (category:base,tabindex:-1)
2024-08-09 21:46:16,713 [INFO] PluginManage:310 - Check plugin updater
2024-08-09 21:46:16,724 [INFO] PluginManage:359 - Loaded plugin updater (category:base,tabindex:12)
2024-08-09 21:46:16,724 [INFO] PluginManage:310 - Check plugin userauth
2024-08-09 21:46:16,732 [INFO] UserAuth:114 - Init User Auth plugin
2024-08-09 21:46:16,732 [INFO] PluginManage:359 - Loaded plugin userauth (category:base,tabindex:14)
2024-08-09 21:46:16,732 [INFO] PluginManage:283 - PluginManage : Loaded plugins [17]
2024-08-09 21:46:16,929 [INFO] PinOutPanel:1499 - setPackage(No Configuration,No Configuration)
2024-08-09 21:46:16,979 [INFO] CADModel:165 - CPN selected for project level
2024-08-09 21:46:16,979 [INFO] CADModel:114 - Register for checkConnection events
2024-08-09 21:46:17,006 [INFO] IPUIPlugin:80 - create IPUIPlugin
2024-08-09 21:46:17,006 [INFO] PluginManager:220 - loadIPPluginJar : add adc
2024-08-09 21:46:17,058 [INFO] IPUIPlugin:80 - create IPUIPlugin
2024-08-09 21:46:17,058 [INFO] PluginManager:220 - loadIPPluginJar : add aes
2024-08-09 21:46:17,119 [INFO] IPUIPlugin:80 - create IPUIPlugin
2024-08-09 21:46:17,119 [INFO] PluginManager:220 - loadIPPluginJar : add can
2024-08-09 21:46:17,147 [INFO] IPUIPlugin:80 - create IPUIPlugin
2024-08-09 21:46:17,147 [INFO] PluginManager:220 - loadIPPluginJar : add comp
2024-08-09 21:46:17,194 [INFO] IPUIPlugin:80 - create IPUIPlugin
2024-08-09 21:46:17,194 [INFO] PluginManager:220 - loadIPPluginJar : add cryp
2024-08-09 21:46:17,240 [INFO] IPUIPlugin:80 - create IPUIPlugin
2024-08-09 21:46:17,240 [INFO] PluginManager:220 - loadIPPluginJar : add dfsdm
2024-08-09 21:46:17,258 [INFO] IPUIPlugin:80 - create IPUIPlugin
2024-08-09 21:46:17,258 [INFO] PluginManager:220 - loadIPPluginJar : add dma
2024-08-09 21:46:17,327 [INFO] IPUIPlugin:80 - create IPUIPlugin
2024-08-09 21:46:17,327 [INFO] PluginManager:220 - loadIPPluginJar : add dma3
2024-08-09 21:46:17,359 [INFO] IPUIPlugin:80 - create IPUIPlugin
2024-08-09 21:46:17,359 [INFO] PluginManager:220 - loadIPPluginJar : add fatfs
2024-08-09 21:46:17,451 [INFO] IPUIPlugin:80 - create IPUIPlugin
2024-08-09 21:46:17,451 [INFO] PluginManager:220 - loadIPPluginJar : add fmc
2024-08-09 21:46:17,482 [INFO] IPUIPlugin:80 - create IPUIPlugin
2024-08-09 21:46:17,482 [INFO] PluginManager:220 - loadIPPluginJar : add freertos
2024-08-09 21:46:17,513 [INFO] IPUIPlugin:80 - create IPUIPlugin
2024-08-09 21:46:17,513 [INFO] PluginManager:220 - loadIPPluginJar : add genericplugin
2024-08-09 21:46:17,675 [INFO] IPUIPlugin:80 - create IPUIPlugin
2024-08-09 21:46:17,675 [INFO] PluginManager:220 - loadIPPluginJar : add gfxmmu
2024-08-09 21:46:17,886 [INFO] IPUIPlugin:80 - create IPUIPlugin
2024-08-09 21:46:17,887 [INFO] PluginManager:220 - loadIPPluginJar : add gic
2024-08-09 21:46:17,907 [INFO] IPUIPlugin:80 - create IPUIPlugin
2024-08-09 21:46:17,907 [INFO] PluginManager:220 - loadIPPluginJar : add gpio
2024-08-09 21:46:18,041 [INFO] IPUIPlugin:80 - create IPUIPlugin
2024-08-09 21:46:18,042 [INFO] PluginManager:220 - loadIPPluginJar : add gtzc
2024-08-09 21:46:18,087 [INFO] IPUIPlugin:80 - create IPUIPlugin
2024-08-09 21:46:18,087 [INFO] PluginManager:220 - loadIPPluginJar : add hash
2024-08-09 21:46:18,155 [INFO] IPUIPlugin:80 - create IPUIPlugin
2024-08-09 21:46:18,155 [INFO] PluginManager:220 - loadIPPluginJar : add i2c
2024-08-09 21:46:18,225 [INFO] IPUIPlugin:80 - create IPUIPlugin
2024-08-09 21:46:18,225 [INFO] PluginManager:220 - loadIPPluginJar : add i2s
2024-08-09 21:46:18,288 [INFO] IPUIPlugin:80 - create IPUIPlugin
2024-08-09 21:46:18,288 [INFO] PluginManager:220 - loadIPPluginJar : add i3c
2024-08-09 21:46:18,438 [INFO] IPUIPlugin:80 - create IPUIPlugin
2024-08-09 21:46:18,438 [INFO] PluginManager:220 - loadIPPluginJar : add ipddr
2024-08-09 21:46:18,569 [INFO] IPUIPlugin:80 - create IPUIPlugin
2024-08-09 21:46:18,569 [INFO] PluginManager:220 - loadIPPluginJar : add linkedlist
2024-08-09 21:46:18,611 [INFO] IPUIPlugin:80 - create IPUIPlugin
2024-08-09 21:46:18,611 [INFO] PluginManager:220 - loadIPPluginJar : add lorawan
2024-08-09 21:46:18,653 [INFO] IPUIPlugin:80 - create IPUIPlugin
2024-08-09 21:46:18,653 [INFO] PluginManager:220 - loadIPPluginJar : add ltdc
2024-08-09 21:46:18,670 [INFO] IPUIPlugin:80 - create IPUIPlugin
2024-08-09 21:46:18,671 [INFO] PluginManager:220 - loadIPPluginJar : add mdma
2024-08-09 21:46:18,682 [INFO] IPUIPlugin:80 - create IPUIPlugin
2024-08-09 21:46:18,682 [INFO] PluginManager:220 - loadIPPluginJar : add nvic
2024-08-09 21:46:18,710 [INFO] IPUIPlugin:80 - create IPUIPlugin
2024-08-09 21:46:18,710 [INFO] PluginManager:220 - loadIPPluginJar : add opamp
2024-08-09 21:46:18,805 [INFO] IPUIPlugin:80 - create IPUIPlugin
2024-08-09 21:46:18,805 [INFO] PluginManager:220 - loadIPPluginJar : add openamp
2024-08-09 21:46:18,872 [INFO] IPUIPlugin:80 - create IPUIPlugin
2024-08-09 21:46:18,873 [INFO] PluginManager:220 - loadIPPluginJar : add pdm2pcm
2024-08-09 21:46:18,885 [INFO] IPUIPlugin:80 - create IPUIPlugin
2024-08-09 21:46:18,888 [INFO] PluginManager:220 - loadIPPluginJar : add plateformsettings
2024-08-09 21:46:18,920 [INFO] IPUIPlugin:80 - create IPUIPlugin
2024-08-09 21:46:18,920 [INFO] PluginManager:220 - loadIPPluginJar : add quadspi
2024-08-09 21:46:18,940 [INFO] IPUIPlugin:80 - create IPUIPlugin
2024-08-09 21:46:18,940 [INFO] PluginManager:220 - loadIPPluginJar : add resmgrutility
2024-08-09 21:46:19,015 [INFO] IPUIPlugin:80 - create IPUIPlugin
2024-08-09 21:46:19,015 [INFO] PluginManager:220 - loadIPPluginJar : add sai
2024-08-09 21:46:19,072 [INFO] IPUIPlugin:80 - create IPUIPlugin
2024-08-09 21:46:19,073 [INFO] PluginManager:220 - loadIPPluginJar : add spi
2024-08-09 21:46:19,190 [INFO] IPUIPlugin:80 - create IPUIPlugin
2024-08-09 21:46:19,190 [INFO] PluginManager:220 - loadIPPluginJar : add stm32_wpan
2024-08-09 21:46:19,225 [INFO] IPUIPlugin:80 - create IPUIPlugin
2024-08-09 21:46:19,225 [INFO] PluginManager:220 - loadIPPluginJar : add tim
2024-08-09 21:46:19,311 [INFO] IPUIPlugin:80 - create IPUIPlugin
2024-08-09 21:46:19,311 [INFO] PluginManager:220 - loadIPPluginJar : add touchsensing
2024-08-09 21:46:19,347 [INFO] IPUIPlugin:80 - create IPUIPlugin
2024-08-09 21:46:19,347 [INFO] PluginManager:220 - loadIPPluginJar : add tracer_emb
2024-08-09 21:46:19,384 [INFO] IPUIPlugin:80 - create IPUIPlugin
2024-08-09 21:46:19,384 [INFO] PluginManager:220 - loadIPPluginJar : add ts
2024-08-09 21:46:19,417 [INFO] IPUIPlugin:80 - create IPUIPlugin
2024-08-09 21:46:19,417 [INFO] PluginManager:220 - loadIPPluginJar : add tsc
2024-08-09 21:46:19,452 [INFO] IPUIPlugin:80 - create IPUIPlugin
2024-08-09 21:46:19,452 [INFO] PluginManager:220 - loadIPPluginJar : add ucpd
2024-08-09 21:46:19,478 [INFO] ThirdPartyUpdaterWithRetryManager:70 - Updater plugin not ready yet. [2/15]
2024-08-09 21:46:19,527 [INFO] IPUIPlugin:80 - create IPUIPlugin
2024-08-09 21:46:19,527 [INFO] PluginManager:220 - loadIPPluginJar : add usart
2024-08-09 21:46:19,592 [INFO] IPUIPlugin:80 - create IPUIPlugin
2024-08-09 21:46:19,593 [INFO] PluginManager:220 - loadIPPluginJar : add usbx
2024-08-09 21:46:19,701 [INFO] CADModel:165 - CPN selected for project level
2024-08-09 21:46:19,701 [INFO] CADModel:114 - Register for checkConnection events
2024-08-09 21:46:19,701 [FATAL] Updater:308 - Updater called before beeing initialized
2024-08-09 21:46:19,702 [ERROR] CADModel:125 - Updater not yet initialized, retry later 
2024-08-09 21:46:19,802 [INFO] CADModel:165 - CPN selected for project level
2024-08-09 21:46:19,802 [INFO] CADModel:114 - Register for checkConnection events
2024-08-09 21:46:19,802 [FATAL] Updater:308 - Updater called before beeing initialized
2024-08-09 21:46:19,802 [ERROR] CADModel:125 - Updater not yet initialized, retry later 
2024-08-09 21:46:19,806 [FATAL] Updater:308 - Updater called before beeing initialized
2024-08-09 21:46:19,890 [FATAL] Updater:308 - Updater called before beeing initialized
2024-08-09 21:46:19,897 [INFO] DbMcusAds:53 - JSON generation date=Thu May 16 03:22:00 CST 2024 (1715851320667)
2024-08-09 21:46:19,897 [FATAL] Updater:308 - Updater called before beeing initialized
2024-08-09 21:46:19,987 [WARN] DetailPanel:346 - Failed to get advertising image, set to default
2024-08-09 21:46:20,105 [FATAL] Updater:308 - Updater called before beeing initialized
2024-08-09 21:46:20,107 [FATAL] Updater:308 - Updater called before beeing initialized
2024-08-09 21:46:20,107 [FATAL] Updater:308 - Updater called before beeing initialized
2024-08-09 21:46:20,107 [WARN] DetailPanel:346 - Failed to get advertising image, set to default
2024-08-09 21:46:20,108 [FATAL] Updater:308 - Updater called before beeing initialized
2024-08-09 21:46:20,170 [ERROR] Updater:1120 - MainUpdater not yet initialized. External WinMGr cannot be set.
2024-08-09 21:46:20,180 [INFO] Updater:1056 - Updater Version found : 6.10.0
2024-08-09 21:46:20,200 [INFO] ApplicationProperties:184 - Using Application install path: C:\ST\STM32CubeIDE_1.14.1\STM32CubeIDE\plugins\com.st.stm32cube.common.mx_6.10.0.202311202037
2024-08-09 21:46:21,777 [ERROR] LogOutputStream:75 - [STDERR_REDIRECT] Aug 09, 2024 9:46:21 PM java.util.prefs.WindowsPreferences <init>
2024-08-09 21:46:21,777 [ERROR] LogOutputStream:75 - [STDERR_REDIRECT] WARNING: Could not open/create prefs root node Software\JavaSoft\Prefs at root 0xffffffff80000002. Windows RegCreateKeyEx(...) returned error code 5.
2024-08-09 21:46:21,777 [ERROR] LogOutputStream:75 - [STDERR_REDIRECT] 
2024-08-09 21:46:22,252 [INFO] MainUpdater:2873 - connection check result : 10
2024-08-09 21:46:22,252 [INFO] MainUpdater:290 - Updater Check For Update Now.
2024-08-09 21:46:22,252 [INFO] MicroXplorer:498 - Change Database Version : DB.6.0.100
2024-08-09 21:46:22,264 [INFO] McuFinderGlobals:63 - Set McuFinder mode to 2 (CubeIDE integrated)
2024-08-09 21:46:22,422 [INFO] CheckServerUpdateThread:120 - End of CheckServer Thread
2024-08-09 21:46:22,685 [WARN] PackLoader:240 - Cannot read IP mode file for STMicroelectronics.FP-SNS-MOTENVWB1.1.4.0
2024-08-09 21:46:22,698 [WARN] PackLoader:240 - Cannot read IP mode file for STMicroelectronics.X-CUBE-SMBUS.2.1.0
2024-08-09 21:46:22,711 [WARN] PackLoader:240 - Cannot read IP mode file for STMicroelectronics.X-CUBE-TOUCHGFX.4.23.1
2024-08-09 21:46:22,722 [WARN] PackLoader:240 - Cannot read IP mode file for STMicroelectronics.X-CUBE-TOUCHGFX.4.23.2
2024-08-09 21:46:22,763 [WARN] PackLoader:240 - Cannot read IP mode file for STMicroelectronics.X-CUBE-AZRTOS-F7.1.1.0
2024-08-09 21:46:22,777 [WARN] PackLoader:240 - Cannot read IP mode file for STMicroelectronics.FP-SNS-MOTENV1.4.3.2
2024-08-09 21:46:22,790 [WARN] PackLoader:240 - Cannot read IP mode file for STMicroelectronics.FP-SNS-FLIGHT1.5.0.2
2024-08-09 21:46:22,847 [INFO] UserAuth:404 - Internet connection configuration mode: 1
2024-08-09 21:46:22,867 [WARN] PackLoader:240 - Cannot read IP mode file for STMicroelectronics.X-CUBE-DISPLAY.3.0.0
2024-08-09 21:46:22,887 [WARN] PackLoader:240 - Cannot read IP mode file for STMicroelectronics.X-CUBE-BLE1.7.0.0
2024-08-09 21:46:22,899 [WARN] PackLoader:240 - Cannot read IP mode file for emotas.I-CUBE-CANOPEN.1.3.0
2024-08-09 21:46:22,916 [INFO] JxBrowserEngine:152 - Initiate JxBrowser Engine with user profile folder
2024-08-09 21:46:22,919 [WARN] PackLoader:240 - Cannot read IP mode file for STMicroelectronics.X-CUBE-BLEMGR.3.1.0
2024-08-09 21:46:22,927 [WARN] PackLoader:240 - Cannot read IP mode file for STMicroelectronics.FP-SNS-SMARTAG2.1.2.0
2024-08-09 21:46:22,946 [INFO] LogOutputStream:77 - [STDOUT_REDIRECT] 1 : Invalid condition id : UX_CORESTACK_Condition cause : null
2024-08-09 21:46:22,947 [INFO] LogOutputStream:77 - [STDOUT_REDIRECT] 1 : Invalid condition id : UX_CORESTACK_Condition cause : null
2024-08-09 21:46:22,948 [INFO] LogOutputStream:77 - [STDOUT_REDIRECT] 1 : Invalid condition id : UX_CORESTACK_Condition cause : null
2024-08-09 21:46:22,948 [INFO] LogOutputStream:77 - [STDOUT_REDIRECT] 1 : Invalid condition id : UX_CORESTACK_Condition cause : null
2024-08-09 21:46:22,949 [INFO] LogOutputStream:77 - [STDOUT_REDIRECT] 1 : Invalid condition id : UX_CORESTACK_Condition cause : null
2024-08-09 21:46:22,952 [WARN] PackLoader:240 - Cannot read IP mode file for STMicroelectronics.X-CUBE-AZRTOS-WL.2.0.0
2024-08-09 21:46:22,961 [WARN] PackLoader:240 - Cannot read IP mode file for STMicroelectronics.FP-SNS-MOTENV1.5.0.0
2024-08-09 21:46:22,971 [WARN] PackLoader:240 - Cannot read IP mode file for wolfSSL.I-CUBE-wolfMQTT.1.19.0
2024-08-09 21:46:22,983 [WARN] PackLoader:240 - Cannot read IP mode file for WES.I-CUBE-Cesium.1.3.0
2024-08-09 21:46:22,992 [WARN] PackLoader:240 - Cannot read IP mode file for STMicroelectronics.X-CUBE-BLE2.3.3.0
2024-08-09 21:46:23,001 [WARN] PackLoader:240 - Cannot read IP mode file for STMicroelectronics.X-CUBE-TCPP.4.1.0
2024-08-09 21:46:23,010 [WARN] PackLoader:240 - Cannot read IP mode file for STMicroelectronics.X-CUBE-ALGOBUILD.1.3.0
2024-08-09 21:46:23,043 [WARN] PackLoader:240 - Cannot read IP mode file for STMicroelectronics.X-CUBE-AZRTOS-G0.1.1.0
2024-08-09 21:46:23,057 [WARN] PackLoader:240 - Cannot read IP mode file for STMicroelectronics.X-CUBE-SAFEA1.1.2.2
2024-08-09 21:46:23,070 [WARN] PackLoader:240 - Cannot read IP mode file for STMicroelectronics.X-CUBE-NFC4.3.0.0
2024-08-09 21:46:23,100 [WARN] PackLoader:240 - Cannot read IP mode file for EmbeddedOffice.I-CUBE-FS-RTOS.1.0.1
2024-08-09 21:46:23,100 [ERROR] ConditionMgr:805 - Attr not supported : Dmpu
2024-08-09 21:46:23,101 [ERROR] ConditionMgr:805 - Attr not supported : Dmpu
2024-08-09 21:46:23,101 [ERROR] ConditionMgr:805 - Attr not supported : Dmpu
2024-08-09 21:46:23,101 [ERROR] ConditionMgr:805 - Attr not supported : Dmpu
2024-08-09 21:46:23,101 [ERROR] ConditionMgr:805 - Attr not supported : Dmpu
2024-08-09 21:46:23,101 [ERROR] ConditionMgr:805 - Attr not supported : Dmpu
2024-08-09 21:46:23,101 [ERROR] ConditionMgr:805 - Attr not supported : Dmpu
2024-08-09 21:46:23,102 [ERROR] ConditionMgr:805 - Attr not supported : Dmpu
2024-08-09 21:46:23,102 [ERROR] ConditionMgr:805 - Attr not supported : Dmpu
2024-08-09 21:46:23,102 [ERROR] ConditionMgr:805 - Attr not supported : Dmpu
2024-08-09 21:46:23,102 [ERROR] ConditionMgr:805 - Attr not supported : Dmpu
2024-08-09 21:46:23,102 [ERROR] ConditionMgr:805 - Attr not supported : Dmpu
2024-08-09 21:46:23,102 [ERROR] ConditionMgr:805 - Attr not supported : Dmpu
2024-08-09 21:46:23,102 [ERROR] ConditionMgr:805 - Attr not supported : Dmpu
2024-08-09 21:46:23,102 [ERROR] ConditionMgr:805 - Attr not supported : Dmpu
2024-08-09 21:46:23,102 [ERROR] ConditionMgr:805 - Attr not supported : Dmpu
2024-08-09 21:46:23,103 [ERROR] ConditionMgr:805 - Attr not supported : Dmpu
2024-08-09 21:46:23,103 [ERROR] ConditionMgr:805 - Attr not supported : Dmpu
2024-08-09 21:46:23,103 [ERROR] ConditionMgr:805 - Attr not supported : Dmpu
2024-08-09 21:46:23,103 [ERROR] ConditionMgr:805 - Attr not supported : Dmpu
2024-08-09 21:46:23,103 [ERROR] ConditionMgr:805 - Attr not supported : Dmpu
2024-08-09 21:46:23,103 [ERROR] ConditionMgr:805 - Attr not supported : Dmpu
2024-08-09 21:46:23,103 [ERROR] ConditionMgr:805 - Attr not supported : Dmpu
2024-08-09 21:46:23,103 [ERROR] ConditionMgr:805 - Attr not supported : Dmpu
2024-08-09 21:46:23,103 [ERROR] ConditionMgr:805 - Attr not supported : Dmpu
2024-08-09 21:46:23,103 [ERROR] ConditionMgr:805 - Attr not supported : Dmpu
2024-08-09 21:46:23,103 [ERROR] ConditionMgr:805 - Attr not supported : Dmpu
2024-08-09 21:46:23,104 [ERROR] ConditionMgr:805 - Attr not supported : Dmpu
2024-08-09 21:46:23,104 [ERROR] ConditionMgr:805 - Attr not supported : Dmpu
2024-08-09 21:46:23,104 [ERROR] ConditionMgr:805 - Attr not supported : Dmpu
2024-08-09 21:46:23,104 [ERROR] ConditionMgr:805 - Attr not supported : Dmpu
2024-08-09 21:46:23,104 [ERROR] ConditionMgr:805 - Attr not supported : Dmpu
2024-08-09 21:46:23,104 [ERROR] ConditionMgr:805 - Attr not supported : Dmpu
2024-08-09 21:46:23,104 [ERROR] ConditionMgr:805 - Attr not supported : Dmpu
2024-08-09 21:46:23,104 [ERROR] ConditionMgr:805 - Attr not supported : Dmpu
2024-08-09 21:46:23,104 [ERROR] ConditionMgr:805 - Attr not supported : Dmpu
2024-08-09 21:46:23,104 [ERROR] ConditionMgr:805 - Attr not supported : Dmpu
2024-08-09 21:46:23,104 [ERROR] ConditionMgr:805 - Attr not supported : Dmpu
2024-08-09 21:46:23,105 [ERROR] ConditionMgr:805 - Attr not supported : Dmpu
2024-08-09 21:46:23,105 [ERROR] ConditionMgr:805 - Attr not supported : Dmpu
2024-08-09 21:46:23,105 [ERROR] ConditionMgr:805 - Attr not supported : Dmpu
2024-08-09 21:46:23,105 [ERROR] ConditionMgr:805 - Attr not supported : Dmpu
2024-08-09 21:46:23,105 [ERROR] ConditionMgr:805 - Attr not supported : Dmpu
2024-08-09 21:46:23,105 [ERROR] ConditionMgr:805 - Attr not supported : Dmpu
2024-08-09 21:46:23,105 [ERROR] ConditionMgr:805 - Attr not supported : Dmpu
2024-08-09 21:46:23,105 [ERROR] ConditionMgr:805 - Attr not supported : Dmpu
2024-08-09 21:46:23,105 [ERROR] ConditionMgr:805 - Attr not supported : Dmpu
2024-08-09 21:46:23,105 [ERROR] ConditionMgr:805 - Attr not supported : Dmpu
2024-08-09 21:46:23,105 [ERROR] ConditionMgr:805 - Attr not supported : Dmpu
2024-08-09 21:46:23,105 [ERROR] ConditionMgr:805 - Attr not supported : Dmpu
2024-08-09 21:46:23,105 [ERROR] ConditionMgr:805 - Attr not supported : Dmpu
2024-08-09 21:46:23,105 [ERROR] ConditionMgr:805 - Attr not supported : Dmpu
2024-08-09 21:46:23,105 [ERROR] ConditionMgr:805 - Attr not supported : Dmpu
2024-08-09 21:46:23,105 [ERROR] ConditionMgr:805 - Attr not supported : Dmpu
2024-08-09 21:46:23,105 [ERROR] ConditionMgr:805 - Attr not supported : Dmpu
2024-08-09 21:46:23,105 [ERROR] ConditionMgr:805 - Attr not supported : Dmpu
2024-08-09 21:46:23,105 [ERROR] ConditionMgr:805 - Attr not supported : Dmpu
2024-08-09 21:46:23,105 [ERROR] ConditionMgr:805 - Attr not supported : Dmpu
2024-08-09 21:46:23,105 [ERROR] ConditionMgr:805 - Attr not supported : Dmpu
2024-08-09 21:46:23,105 [ERROR] ConditionMgr:805 - Attr not supported : Dmpu
2024-08-09 21:46:23,106 [ERROR] ConditionMgr:805 - Attr not supported : Dmpu
2024-08-09 21:46:23,106 [ERROR] ConditionMgr:805 - Attr not supported : Dmpu
2024-08-09 21:46:23,106 [ERROR] ConditionMgr:805 - Attr not supported : Dmpu
2024-08-09 21:46:23,106 [ERROR] ConditionMgr:805 - Attr not supported : Dmpu
2024-08-09 21:46:23,120 [WARN] PackLoader:240 - Cannot read IP mode file for RealThread.X-CUBE-RT-Thread_Nano.4.1.1
2024-08-09 21:46:23,134 [WARN] PackLoader:240 - Cannot read IP mode file for STMicroelectronics.FP-ATR-SIGFOX1.3.2.0
2024-08-09 21:46:23,147 [WARN] PackLoader:240 - Cannot read IP mode file for STMicroelectronics.X-CUBE-EEPRMA1.5.1.0
2024-08-09 21:46:23,184 [WARN] PackLoader:240 - Cannot read IP mode file for SEGGER.I-CUBE-embOS.1.3.1
2024-08-09 21:46:23,219 [WARN] PackLoader:240 - Cannot read IP mode file for STMicroelectronics.X-CUBE-ALGOBUILD.1.4.0
2024-08-09 21:46:23,230 [WARN] PackLoader:240 - Cannot read IP mode file for STMicroelectronics.X-CUBE-GNSS1.6.0.0
2024-08-09 21:46:23,254 [WARN] PackLoader:240 - Cannot read IP mode file for STMicroelectronics.X-CUBE-AZRTOS-F4.1.1.0
2024-08-09 21:46:23,265 [WARN] PackLoader:240 - Cannot read IP mode file for STMicroelectronics.X-CUBE-FREERTOS.1.2.0
2024-08-09 21:46:23,274 [WARN] PackLoader:240 - Cannot read IP mode file for wolfSSL.I-CUBE-wolfSSL.5.6.6
2024-08-09 21:46:23,305 [WARN] PackLoader:240 - Cannot read IP mode file for STMicroelectronics.X-CUBE-AZRTOS-L5.2.0.0
2024-08-09 21:46:23,347 [WARN] PackLoader:240 - Cannot read IP mode file for STMicroelectronics.X-CUBE-NFC6.3.1.0
2024-08-09 21:46:23,364 [WARN] PackLoader:240 - Cannot read IP mode file for ITTIA_DB.I-CUBE-ITTIADB.8.8.0
2024-08-09 21:46:23,377 [WARN] PackLoader:240 - Cannot read IP mode file for STMicroelectronics.X-CUBE-DPower.1.2.0
2024-08-09 21:46:23,388 [WARN] PackLoader:240 - Cannot read IP mode file for STMicroelectronics.X-CUBE-AI.9.0.0
2024-08-09 21:46:23,398 [WARN] PackLoader:240 - Cannot read IP mode file for STMicroelectronics.X-CUBE-NFC7.1.0.1
2024-08-09 21:46:23,409 [WARN] PackLoader:240 - Cannot read IP mode file for wolfSSL.I-CUBE-wolfTPM.3.2.0
2024-08-09 21:46:23,420 [WARN] PackLoader:240 - Cannot read IP mode file for STMicroelectronics.X-CUBE-AI.8.1.0
2024-08-09 21:46:23,449 [WARN] ConditionMgr:438 - getConditionDescription Invalid condition id : LAN8742 Phy interface Condition cause : null
2024-08-09 21:46:23,450 [WARN] PackLoader:240 - Cannot read IP mode file for STMicroelectronics.X-CUBE-AZRTOS-L4.2.0.0
2024-08-09 21:46:23,450 [WARN] ConditionMgr:1039 - genDependencies : Invalid condition id : LAN8742 Phy interface Condition cause : null
2024-08-09 21:46:23,451 [WARN] ConditionMgr:1039 - genDependencies : Invalid condition id : LAN8742 Phy interface Condition cause : null
2024-08-09 21:46:23,451 [WARN] ConditionMgr:1039 - genDependencies : Invalid condition id : LAN8742 Phy interface Condition cause : null
2024-08-09 21:46:23,465 [WARN] PackLoader:240 - Cannot read IP mode file for STMicroelectronics.X-CUBE-SFXS2LP1.4.0.0
2024-08-09 21:46:23,490 [WARN] ConditionMgr:438 - getConditionDescription Invalid condition id : UX DEVICE CLASS RTOS Condition cause : null
2024-08-09 21:46:23,491 [WARN] ConditionMgr:438 - getConditionDescription Invalid condition id : UX DEVICE CLASS RTOS Condition cause : null
2024-08-09 21:46:23,492 [WARN] PackLoader:240 - Cannot read IP mode file for STMicroelectronics.X-CUBE-AZRTOS-WB.2.0.0
2024-08-09 21:46:23,493 [WARN] ConditionMgr:1039 - genDependencies : Invalid condition id : UX DEVICE CLASS RTOS Condition cause : null
2024-08-09 21:46:23,493 [WARN] ConditionMgr:1039 - genDependencies : Invalid condition id : UX DEVICE CLASS RTOS Condition cause : null
2024-08-09 21:46:23,493 [WARN] ConditionMgr:1039 - genDependencies : Invalid condition id : UX DEVICE CLASS RTOS Condition cause : null
2024-08-09 21:46:23,493 [WARN] ConditionMgr:1039 - genDependencies : Invalid condition id : UX DEVICE CLASS RTOS Condition cause : null
2024-08-09 21:46:23,494 [WARN] ConditionMgr:1039 - genDependencies : Invalid condition id : UX DEVICE CLASS RTOS Condition cause : null
2024-08-09 21:46:23,510 [WARN] PackLoader:240 - Cannot read IP mode file for STMicroelectronics.FP-SNS-STBOX1.2.0.0
2024-08-09 21:46:23,525 [WARN] PackLoader:240 - Cannot read IP mode file for STMicroelectronics.X-CUBE-SUBG2.5.0.0
2024-08-09 21:46:23,547 [WARN] PackLoader:240 - Cannot read IP mode file for STMicroelectronics.X-CUBE-AZRTOS-G4.2.0.0
2024-08-09 21:46:23,568 [WARN] PackLoader:240 - Cannot read IP mode file for Infineon.AIROC-Wi-Fi-Bluetooth-STM32.1.5.1
2024-08-09 21:46:23,581 [WARN] PackLoader:240 - Cannot read IP mode file for STMicroelectronics.FP-SNS-MOTENVWB1.1.3.1
2024-08-09 21:46:23,590 [WARN] PackLoader:240 - Cannot read IP mode file for STMicroelectronics.X-CUBE-ISPU.2.0.0
2024-08-09 21:46:23,601 [WARN] PackLoader:240 - Cannot read IP mode file for STMicroelectronics.X-CUBE-ALS.1.0.2
2024-08-09 21:46:23,644 [WARN] PackLoader:240 - Cannot read IP mode file for STMicroelectronics.X-CUBE-MEMS1.10.0.0
2024-08-09 21:46:23,748 [WARN] PackLoader:240 - Cannot read IP mode file for STMicroelectronics.X-CUBE-FREERTOS.1.1.0
2024-08-09 21:46:23,762 [WARN] PackLoader:240 - Cannot read IP mode file for STMicroelectronics.X-CUBE-TOUCHGFX.4.24.0
2024-08-09 21:46:23,778 [WARN] PackLoader:240 - Cannot read IP mode file for portGmbH.I-Cube-SoM-uGOAL.1.1.0
2024-08-09 21:46:23,789 [WARN] PackLoader:240 - Cannot read IP mode file for STMicroelectronics.X-CUBE-ALS.1.0.1
2024-08-09 21:46:23,815 [WARN] PackLoader:240 - Cannot read IP mode file for STMicroelectronics.X-CUBE-AZRTOS-H7RS.1.0.0
2024-08-09 21:46:23,827 [WARN] PackLoader:240 - Cannot read IP mode file for STMicroelectronics.FP-ATR-ASTRA1.2.0.0
2024-08-09 21:46:23,843 [WARN] PackLoader:240 - Cannot read IP mode file for STMicroelectronics.X-CUBE-TOF1.3.4.2
2024-08-09 21:46:23,871 [WARN] PackLoader:240 - Cannot read IP mode file for STMicroelectronics.X-CUBE-TOF1.3.4.1
2024-08-09 21:46:23,918 [WARN] PackLoader:240 - Cannot read IP mode file for STMicroelectronics.X-CUBE-AZRTOS-H7.3.2.0
2024-08-09 21:46:23,933 [WARN] PackLoader:240 - Cannot read IP mode file for wolfSSL.I-CUBE-wolfSSH.1.4.17
2024-08-09 21:46:23,934 [INFO] ThirdParty:978 - Integrity check success = true
2024-08-09 21:46:23,934 [INFO] IntegrityCheckThread:100 - exiting critical section [integrity check]
2024-08-09 21:46:23,934 [INFO] IntegrityCheckThread:103 - End integrity checks thread
2024-08-09 21:46:26,778 [INFO] WebApp:161 - Instantiating new browser for Auth
2024-08-09 21:46:27,541 [INFO] WebApp:780 - Register for checkConnection events
2024-08-09 21:46:27,542 [INFO] WebApp:414 - Apply proxy settings
2024-08-09 21:46:27,542 [INFO] WebApp:499 - Chromium requires no authentication
2024-08-09 21:46:27,552 [INFO] WebApp:442 - Direct internet connection detected
2024-08-09 21:46:27,794 [INFO] WebApp:192 - Starting web application
2024-08-09 21:46:27,794 [INFO] WebApp:544 - Web application path used C:\ST\STM32CubeIDE_1.14.1\STM32CubeIDE\plugins\com.st.stm32cube.common.mx_6.10.0.202311202037\db\plugins\mcufinder\reactClient1\index.html
2024-08-09 21:46:48,864 [ERROR] LogOutputStream:75 - [STDERR_REDIRECT] SLF4J: Failed to load class "org.slf4j.impl.StaticLoggerBinder".
2024-08-09 21:46:48,864 [ERROR] LogOutputStream:75 - [STDERR_REDIRECT] SLF4J: Defaulting to no-operation (NOP) logger implementation
2024-08-09 21:46:48,865 [ERROR] LogOutputStream:75 - [STDERR_REDIRECT] SLF4J: See http://www.slf4j.org/codes.html#StaticLoggerBinder for further details.
